<?xml version="1.0" encoding="UTF-8"?>
<!-- Generated by org.testng.reporters.JUnitReportReporter -->
<testsuite hostname="DESKTOP-FMGNOFA" failures="0" tests="2" name="com.employeeapi.base.ExtentReportWithTestNG" time="0.015" errors="0" timestamp="2022-03-21T17:46:31 EDT" skipped="0">
  <testcase classname="com.employeeapi.base.ExtentReportWithTestNG" name="test2" time="0.002"/>
  <system-out/>
  <testcase classname="com.employeeapi.base.ExtentReportWithTestNG" name="test1" time="0.013"/>
  <system-out/>
</testsuite> <!-- com.employeeapi.base.ExtentReportWithTestNG -->
