<?xml version="1.0" encoding="UTF-8"?>
<!-- Generated by org.testng.reporters.JUnitReportReporter -->
<testsuite hostname="DESKTOP-FMGNOFA" failures="0" tests="1" name="NewRestAssuredDemo.Test_PUT" time="2.172" errors="0" timestamp="2022-03-25T16:54:08 EDT" skipped="0">
  <testcase classname="NewRestAssuredDemo.Test_PUT" name="put" time="2.172"/>
  <system-out/>
</testsuite> <!-- NewRestAssuredDemo.Test_PUT -->
