<?xml version="1.0" encoding="UTF-8"?>
<!-- Generated by org.testng.reporters.JUnitReportReporter -->
<testsuite hostname="DESKTOP-FMGNOFA" failures="0" tests="1" name="NewRestAssuredDemo.Test_POST" time="2.190" errors="0" timestamp="2022-03-25T16:45:56 EDT" skipped="0">
  <testcase classname="NewRestAssuredDemo.Test_POST" name="post" time="2.190"/>
  <system-out/>
</testsuite> <!-- NewRestAssuredDemo.Test_POST -->
