<?xml version="1.0" encoding="UTF-8"?>
<!-- Generated by org.testng.reporters.JUnitReportReporter -->
<testsuite hostname="DESKTOP-FMGNOFA" failures="0" tests="1" name="NewRestAssuredDemo.Test_DELETE" time="2.199" errors="0" timestamp="2022-03-25T17:02:58 EDT" skipped="0">
  <testcase classname="NewRestAssuredDemo.Test_DELETE" name="delete" time="2.199"/>
  <system-out/>
</testsuite> <!-- NewRestAssuredDemo.Test_DELETE -->
