<?xml version="1.0" encoding="UTF-8"?>
<!-- Generated by org.testng.reporters.JUnitReportReporter -->
<testsuite hostname="DESKTOP-FMGNOFA" failures="0" tests="1" name="RestAssuredAutomation.RestAssuredAutomation.GET_JSONbodyValues" time="0.002" errors="1" timestamp="2022-03-19T18:42:26 EDT" skipped="0">
  <testcase classname="RestAssuredAutomation.RestAssuredAutomation.GET_JSONbodyValues" name="jsonbody" time="0.002">
    <error message="Unresolved compilation problems: 
	The method println(boolean) is ambiguous for the type PrintStream
	The method println(boolean) is ambiguous for the type PrintStream
	The method println(boolean) is ambiguous for the type PrintStream
	The method println(boolean) is ambiguous for the type PrintStream
	The method println(boolean) is ambiguous for the type PrintStream
	The method println(boolean) is ambiguous for the type PrintStream
" type="java.lang.Error">
      <![CDATA[java.lang.Error: Unresolved compilation problems: 
The method println(boolean) is ambiguous for the type PrintStream
The method println(boolean) is ambiguous for the type PrintStream
The method println(boolean) is ambiguous for the type PrintStream
The method println(boolean) is ambiguous for the type PrintStream
The method println(boolean) is ambiguous for the type PrintStream
The method println(boolean) is ambiguous for the type PrintStream

at RestAssuredAutomation.RestAssuredAutomation.GET_JSONbodyValues.jsonbody(GET_JSONbodyValues.java:25)
at java.base/jdk.internal.reflect.NativeMethodAccessorImpl.invoke0(Native Method)
at java.base/jdk.internal.reflect.NativeMethodAccessorImpl.invoke(NativeMethodAccessorImpl.java:77)
at java.base/jdk.internal.reflect.DelegatingMethodAccessorImpl.invoke(DelegatingMethodAccessorImpl.java:43)
at java.base/java.lang.reflect.Method.invoke(Method.java:568)
at org.testng.internal.invokers.MethodInvocationHelper.invokeMethod(MethodInvocationHelper.java:135)
at org.testng.internal.invokers.TestInvoker.invokeMethod(TestInvoker.java:673)
at org.testng.internal.invokers.TestInvoker.invokeTestMethod(TestInvoker.java:220)
at org.testng.internal.invokers.MethodRunner.runInSequence(MethodRunner.java:50)
at org.testng.internal.invokers.TestInvoker$MethodInvocationAgent.invoke(TestInvoker.java:945)
at org.testng.internal.invokers.TestInvoker.invokeTestMethods(TestInvoker.java:193)
at org.testng.internal.invokers.TestMethodWorker.invokeTestMethods(TestMethodWorker.java:146)
at org.testng.internal.invokers.TestMethodWorker.run(TestMethodWorker.java:128)
at java.base/java.util.ArrayList.forEach(ArrayList.java:1511)
at org.testng.TestRunner.privateRun(TestRunner.java:808)
at org.testng.TestRunner.run(TestRunner.java:603)
at org.testng.SuiteRunner.runTest(SuiteRunner.java:429)
at org.testng.SuiteRunner.runSequentially(SuiteRunner.java:423)
at org.testng.SuiteRunner.privateRun(SuiteRunner.java:383)
at org.testng.SuiteRunner.run(SuiteRunner.java:326)
at org.testng.SuiteRunnerWorker.runSuite(SuiteRunnerWorker.java:52)
at org.testng.SuiteRunnerWorker.run(SuiteRunnerWorker.java:95)
at org.testng.TestNG.runSuitesSequentially(TestNG.java:1249)
at org.testng.TestNG.runSuitesLocally(TestNG.java:1169)
at org.testng.TestNG.runSuites(TestNG.java:1092)
at org.testng.TestNG.run(TestNG.java:1060)
at org.testng.remote.AbstractRemoteTestNG.run(AbstractRemoteTestNG.java:115)
at org.testng.remote.RemoteTestNG.initAndRun(RemoteTestNG.java:251)
at org.testng.remote.RemoteTestNG.main(RemoteTestNG.java:77)
]]>
    </error>
  </testcase> <!-- jsonbody -->
  <system-out/>
</testsuite> <!-- RestAssuredAutomation.RestAssuredAutomation.GET_JSONbodyValues -->
