<?xml version="1.0" encoding="UTF-8"?>
<!-- Generated by org.testng.reporters.JUnitReportReporter -->
<testsuite hostname="DESKTOP-FMGNOFA" failures="0" tests="1" name="NewRestAssuredDemo.RestBasic1" time="1.861" errors="0" timestamp="2022-03-25T16:46:33 EDT" skipped="0">
  <testcase classname="NewRestAssuredDemo.RestBasic1" name="test1" time="1.861"/>
  <system-out/>
</testsuite> <!-- NewRestAssuredDemo.RestBasic1 -->
