<?xml version="1.0" encoding="UTF-8"?>
<!-- Generated by org.testng.reporters.JUnitReportReporter -->
<testsuite hostname="DESKTOP-FMGNOFA" failures="0" tests="4" name="TestNG.TestNGGroups" time="0.008" errors="0" timestamp="2022-03-23T18:43:47 EDT" skipped="0">
  <testcase classname="TestNG.TestNGGroups" name="test3" time="0.001"/>
  <system-out/>
  <testcase classname="TestNG.TestNGGroups" name="test2" time="0.002"/>
  <system-out/>
  <testcase classname="TestNG.TestNGGroups" name="test1" time="0.004"/>
  <system-out/>
  <testcase classname="TestNG.TestNGGroups" name="test4" time="0.001"/>
  <system-out/>
</testsuite> <!-- TestNG.TestNGGroups -->
