<?xml version="1.0" encoding="UTF-8"?>
<!-- Generated by org.testng.reporters.JUnitReportReporter -->
<testsuite hostname="DESKTOP-FMGNOFA" failures="0" tests="1" name="RestAssuredAutomation.RestAssuredAutomation.GET_Request" time="1.805" errors="0" timestamp="2022-03-19T18:42:26 EDT" skipped="0">
  <testcase classname="RestAssuredAutomation.RestAssuredAutomation.GET_Request" name="weatherconditions" time="1.805"/>
  <system-out/>
</testsuite> <!-- RestAssuredAutomation.RestAssuredAutomation.GET_Request -->
