<?xml version="1.0" encoding="UTF-8"?>
<!-- Generated by org.testng.reporters.JUnitReportReporter -->
<testsuite hostname="DESKTOP-FMGNOFA" failures="0" tests="2" name="TestNG.TestNGAnnotations" time="0.003" errors="0" timestamp="2022-03-23T18:43:47 EDT" skipped="0">
  <testcase classname="TestNG.TestNGAnnotations" name="test1" time="0.002"/>
  <system-out/>
  <testcase classname="TestNG.TestNGAnnotations" name="test2" time="0.001"/>
  <system-out/>
</testsuite> <!-- TestNG.TestNGAnnotations -->
