<?xml version="1.0" encoding="UTF-8"?>
<!-- Generated by org.testng.reporters.JUnitReportReporter -->
<testsuite hostname="DESKTOP-FMGNOFA" failures="0" tests="1" name="RestAssuredAutomation.RestAssuredAutomation.GET_Headers" time="2.303" errors="0" timestamp="2022-04-08T17:04:32 EDT" skipped="0">
  <testcase classname="RestAssuredAutomation.RestAssuredAutomation.GET_Headers" name="headers" time="2.303"/>
  <system-out/>
</testsuite> <!-- RestAssuredAutomation.RestAssuredAutomation.GET_Headers -->
