<?xml version="1.0" encoding="UTF-8"?>
<!-- Generated by org.testng.reporters.JUnitReportReporter -->
<testsuite hostname="DESKTOP-FMGNOFA" failures="0" tests="1" name="NewRestAssuredDemo.Test_GET" time="2.432" errors="0" timestamp="2022-03-25T15:35:21 EDT" skipped="0">
  <testcase classname="NewRestAssuredDemo.Test_GET" name="get" time="2.432"/>
  <system-out/>
</testsuite> <!-- NewRestAssuredDemo.Test_GET -->
