<?xml version="1.0" encoding="UTF-8"?>
<!-- Generated by org.testng.reporters.JUnitReportReporter -->
<testsuite hostname="DESKTOP-FMGNOFA" failures="0" tests="1" name="DataDrivenDemo.PageObjectModelBase" time="7.356" errors="0" timestamp="2022-04-14T19:15:45 EDT" skipped="0">
  <testcase classname="DataDrivenDemo.PageObjectModelBase" name="Firstpom" time="7.356"/>
  <system-out/>
</testsuite> <!-- DataDrivenDemo.PageObjectModelBase -->
